Proportion of image detected as foreground by background subtraction in order to be determined as not noise and acceptable for use as mask: 0.0005
Minimum significant feature point movement across 3 frames: 0.85
Minimum proportion of feature points with significant movement in a particular frame to qualify as overall movement: 0.15
Minimum num frames in a sec with significant movement to return that movement has occurred at that time: 9
(<class 'cv2.error'>, error("OpenCV(4.0.1) C:\\ci\\opencv-suite_1573470242804\\work\\modules\\video\\src\\lkpyramid.cpp:1229: error: (-215:Assertion failed) (npoints = prevPtsMat.checkVector(2, CV_32F, true)) >= 0 in function 'cv::`anonymous-namespace'::SparsePyrLKOpticalFlowImpl::calc'\n"), <traceback object at 0x0000016D9BAC3F00>), line 147 occurred at time 23:48
(<class 'ZeroDivisionError'>, ZeroDivisionError('float division by zero'), <traceback object at 0x0000016D9BAC3F00>), line 176 occurred at time 23:49
(<class 'cv2.error'>, error("OpenCV(4.0.1) C:\\ci\\opencv-suite_1573470242804\\work\\modules\\video\\src\\lkpyramid.cpp:1229: error: (-215:Assertion failed) (npoints = prevPtsMat.checkVector(2, CV_32F, true)) >= 0 in function 'cv::`anonymous-namespace'::SparsePyrLKOpticalFlowImpl::calc'\n"), <traceback object at 0x0000016D9BAC3F00>), line 147 occurred at time 23:55
(<class 'ZeroDivisionError'>, ZeroDivisionError('float division by zero'), <traceback object at 0x0000016D9BAC3F00>), line 176 occurred at time 23:56
(<class 'ZeroDivisionError'>, ZeroDivisionError('float division by zero'), <traceback object at 0x0000016D9BAC3DC0>), line 176 occurred at time 24:06
24:07 dropped
24:08 dropped
(<class 'cv2.error'>, error("OpenCV(4.0.1) C:\\ci\\opencv-suite_1573470242804\\work\\modules\\video\\src\\lkpyramid.cpp:1229: error: (-215:Assertion failed) (npoints = prevPtsMat.checkVector(2, CV_32F, true)) >= 0 in function 'cv::`anonymous-namespace'::SparsePyrLKOpticalFlowImpl::calc'\n"), <traceback object at 0x0000016D9BAC3C00>), line 147 occurred at time 24:11
(<class 'ZeroDivisionError'>, ZeroDivisionError('float division by zero'), <traceback object at 0x0000016D9BAC3D40>), line 176 occurred at time 24:12
(<class 'cv2.error'>, error("OpenCV(4.0.1) C:\\ci\\opencv-suite_1573470242804\\work\\modules\\video\\src\\lkpyramid.cpp:1229: error: (-215:Assertion failed) (npoints = prevPtsMat.checkVector(2, CV_32F, true)) >= 0 in function 'cv::`anonymous-namespace'::SparsePyrLKOpticalFlowImpl::calc'\n"), <traceback object at 0x0000016D9BAC3D40>), line 147 occurred at time 24:18
(<class 'ZeroDivisionError'>, ZeroDivisionError('float division by zero'), <traceback object at 0x0000016D9BAC3D40>), line 176 occurred at time 24:22
24:23 dropped
24:24 dropped
24:26 dropped
(<class 'cv2.error'>, error("OpenCV(4.0.1) C:\\ci\\opencv-suite_1573470242804\\work\\modules\\video\\src\\lkpyramid.cpp:1229: error: (-215:Assertion failed) (npoints = prevPtsMat.checkVector(2, CV_32F, true)) >= 0 in function 'cv::`anonymous-namespace'::SparsePyrLKOpticalFlowImpl::calc'\n"), <traceback object at 0x0000016D9BAC3D40>), line 147 occurred at time 24:27
(<class 'ZeroDivisionError'>, ZeroDivisionError('float division by zero'), <traceback object at 0x0000016D9BAC3C00>), line 176 occurred at time 24:28
(<class 'ZeroDivisionError'>, ZeroDivisionError('float division by zero'), <traceback object at 0x0000016D9BAC3D40>), line 176 occurred at time 24:38
24:39 dropped
24:41 dropped
(<class 'cv2.error'>, error("OpenCV(4.0.1) C:\\ci\\opencv-suite_1573470242804\\work\\modules\\video\\src\\lkpyramid.cpp:1229: error: (-215:Assertion failed) (npoints = prevPtsMat.checkVector(2, CV_32F, true)) >= 0 in function 'cv::`anonymous-namespace'::SparsePyrLKOpticalFlowImpl::calc'\n"), <traceback object at 0x0000016D9BAC3F80>), line 147 occurred at time 24:43
24:44 dropped
(<class 'ZeroDivisionError'>, ZeroDivisionError('float division by zero'), <traceback object at 0x0000016D9BAC3F80>), line 176 occurred at time 24:54
24:55 dropped
(<class 'ZeroDivisionError'>, ZeroDivisionError('float division by zero'), <traceback object at 0x0000016D9BAC3F80>), line 176 occurred at time 24:59
25:00 dropped
26:51: hatching over 11 frames
26:54: hatching over 15 frames
Ended at time 29:59
Runtime: 34.495586136976875 minutes
