Proportion of image detected as foreground by background subtraction in order to be determined as not noise and acceptable for use as mask: 0.0005
Minimum significant feature point movement across 3 frames: 0.85
Minimum proportion of feature points with significant movement in a particular frame to qualify as overall movement: 0.15
Minimum num frames in a sec with significant movement to return that movement has occurred at that time: 9
(<class 'cv2.error'>, error("OpenCV(4.0.1) C:\\ci\\opencv-suite_1573470242804\\work\\modules\\video\\src\\lkpyramid.cpp:1229: error: (-215:Assertion failed) (npoints = prevPtsMat.checkVector(2, CV_32F, true)) >= 0 in function 'cv::`anonymous-namespace'::SparsePyrLKOpticalFlowImpl::calc'\n"), <traceback object at 0x0000016D99EFF140>), line 147 occurred at time 12:57
12:58 dropped
(<class 'ZeroDivisionError'>, ZeroDivisionError('float division by zero'), <traceback object at 0x0000016D99EFF140>), line 176 occurred at time 13:04
(<class 'ZeroDivisionError'>, ZeroDivisionError('float division by zero'), <traceback object at 0x0000016D98E50BC0>), line 176 occurred at time 13:05
(<class 'ZeroDivisionError'>, ZeroDivisionError('float division by zero'), <traceback object at 0x0000016D99EFF140>), line 176 occurred at time 13:15
13:16 dropped
(<class 'ZeroDivisionError'>, ZeroDivisionError('float division by zero'), <traceback object at 0x0000016D9BABE5C0>), line 176 occurred at time 13:20
(<class 'ZeroDivisionError'>, ZeroDivisionError('float division by zero'), <traceback object at 0x0000016D99EFF140>), line 176 occurred at time 13:21
(<class 'ZeroDivisionError'>, ZeroDivisionError('float division by zero'), <traceback object at 0x0000016D98E50BC0>), line 176 occurred at time 13:31
13:33 dropped
(<class 'ZeroDivisionError'>, ZeroDivisionError('float division by zero'), <traceback object at 0x0000016D98E50BC0>), line 176 occurred at time 13:36
13:37 dropped
(<class 'ZeroDivisionError'>, ZeroDivisionError('float division by zero'), <traceback object at 0x0000016D98E50BC0>), line 176 occurred at time 13:47
13:48 dropped
(<class 'ZeroDivisionError'>, ZeroDivisionError('float division by zero'), <traceback object at 0x0000016D98E50BC0>), line 176 occurred at time 13:52
13:53 dropped
14:04 dropped
14:05 dropped
(<class 'cv2.error'>, error("OpenCV(4.0.1) C:\\ci\\opencv-suite_1573470242804\\work\\modules\\video\\src\\lkpyramid.cpp:1229: error: (-215:Assertion failed) (npoints = prevPtsMat.checkVector(2, CV_32F, true)) >= 0 in function 'cv::`anonymous-namespace'::SparsePyrLKOpticalFlowImpl::calc'\n"), <traceback object at 0x0000016D98E50BC0>), line 147 occurred at time 14:08
14:09 dropped
Ended at time 29:59
Runtime: 34.96326106786728 minutes
